<?xml version="1.0" encoding="UTF-8"?>
<!-- Generated by org.testng.reporters.JUnitReportReporter -->
<testsuite hostname="DESKTOP-8K3C7AT" failures="0" tests="1" name="GetAllTest" time="2.349" errors="0" timestamp="2020-03-12T21:42:23 IST" skipped="0">
  <testcase classname="GetAllTest" name="getallEmployees" time="2.349"/>
  <system-out/>
</testsuite> <!-- GetAllTest -->
